# JRE version: OpenJDK Runtime Environment (11.0.10) (build 11.0.10+0-b96-7249189)
# Java VM: OpenJDK 64-Bit Server VM (11.0.10+0-b96-7249189, mixed mode, tiered, compressed oops, g1 gc, windows-amd64)
Heap:
 garbage-first heap   total 412672K, used 299962K [0x00000000a0000000, 0x0000000100000000)
  region size 1024K, 5 young (5120K), 3 survivors (3072K)
 Metaspace       used 120688K, capacity 124219K, committed 124416K, reserved 1157120K
  class space    used 15437K, capacity 16785K, committed 16896K, reserved 1048576K
GC Heap History (20 events):
Event: 99.089 GC heap before
{Heap before GC invocations=82 (full 0):
 garbage-first heap   total 350208K, used 301006K [0x00000000a0000000, 0x0000000100000000)
  region size 1024K, 114 young (116736K), 9 survivors (9216K)
 Metaspace       used 117933K, capacity 121405K, committed 121728K, reserved 1155072K
  class space    used 15117K, capacity 16412K, committed 16512K, reserved 1048576K
}
Event: 99.112 GC heap after
{Heap after GC invocations=83 (full 0):
 garbage-first heap   total 350208K, used 197165K [0x00000000a0000000, 0x0000000100000000)
  region size 1024K, 11 young (11264K), 11 survivors (11264K)
 Metaspace       used 117933K, capacity 121405K, committed 121728K, reserved 1155072K
  class space    used 15117K, capacity 16412K, committed 16512K, reserved 1048576K
}
Event: 100.107 GC heap before
{Heap before GC invocations=83 (full 0):
 garbage-first heap   total 350208K, used 302637K [0x00000000a0000000, 0x0000000100000000)
  region size 1024K, 114 young (116736K), 11 survivors (11264K)
 Metaspace       used 117942K, capacity 121406K, committed 121728K, reserved 1155072K
  class space    used 15117K, capacity 16412K, committed 16512K, reserved 1048576K
}
Event: 100.123 GC heap after
{Heap after GC invocations=84 (full 0):
 garbage-first heap   total 350208K, used 197945K [0x00000000a0000000, 0x0000000100000000)
  region size 1024K, 8 young (8192K), 8 survivors (8192K)
 Metaspace       used 117942K, capacity 121406K, committed 121728K, reserved 1155072K
  class space    used 15117K, capacity 16412K, committed 16512K, reserved 1048576K
}
Event: 100.723 GC heap before
{Heap before GC invocations=84 (full 0):
 garbage-first heap   total 350208K, used 303417K [0x00000000a0000000, 0x0000000100000000)
  region size 1024K, 111 young (113664K), 8 survivors (8192K)
 Metaspace       used 117947K, capacity 121407K, committed 121728K, reserved 1155072K
  class space    used 15117K, capacity 16412K, committed 16512K, reserved 1048576K
}
Event: 100.734 GC heap after
{Heap after GC invocations=85 (full 0):
 garbage-first heap   total 350208K, used 198019K [0x00000000a0000000, 0x0000000100000000)
  region size 1024K, 8 young (8192K), 8 survivors (8192K)
 Metaspace       used 117947K, capacity 121407K, committed 121728K, reserved 1155072K
  class space    used 15117K, capacity 16412K, committed 16512K, reserved 1048576K
}
Event: 101.463 GC heap before
{Heap before GC invocations=85 (full 0):
 garbage-first heap   total 350208K, used 305539K [0x00000000a0000000, 0x0000000100000000)
  region size 1024K, 113 young (115712K), 8 survivors (8192K)
 Metaspace       used 117949K, capacity 121407K, committed 121728K, reserved 1155072K
  class space    used 15117K, capacity 16412K, committed 16512K, reserved 1048576K
}
Event: 101.482 GC heap after
{Heap after GC invocations=86 (full 0):
 garbage-first heap   total 350208K, used 199427K [0x00000000a0000000, 0x0000000100000000)
  region size 1024K, 10 young (10240K), 10 survivors (10240K)
 Metaspace       used 117949K, capacity 121407K, committed 121728K, reserved 1155072K
  class space    used 15117K, capacity 16412K, committed 16512K, reserved 1048576K
}
Event: 102.205 GC heap before
{Heap before GC invocations=86 (full 0):
 garbage-first heap   total 350208K, used 250627K [0x00000000a0000000, 0x0000000100000000)
  region size 1024K, 53 young (54272K), 10 survivors (10240K)
 Metaspace       used 118212K, capacity 121650K, committed 121728K, reserved 1155072K
  class space    used 15145K, capacity 16448K, committed 16512K, reserved 1048576K
}
Event: 102.220 GC heap after
{Heap after GC invocations=87 (full 0):
 garbage-first heap   total 350208K, used 201001K [0x00000000a0000000, 0x0000000100000000)
  region size 1024K, 7 young (7168K), 7 survivors (7168K)
 Metaspace       used 118212K, capacity 121650K, committed 121728K, reserved 1155072K
  class space    used 15145K, capacity 16448K, committed 16512K, reserved 1048576K
}
Event: 105.387 GC heap before
{Heap before GC invocations=88 (full 0):
 garbage-first heap   total 350208K, used 301353K [0x00000000a0000000, 0x0000000100000000)
  region size 1024K, 105 young (107520K), 7 survivors (7168K)
 Metaspace       used 118827K, capacity 122256K, committed 122496K, reserved 1155072K
  class space    used 15196K, capacity 16501K, committed 16512K, reserved 1048576K
}
Event: 105.441 GC heap after
{Heap after GC invocations=89 (full 0):
 garbage-first heap   total 350208K, used 220928K [0x00000000a0000000, 0x0000000100000000)
  region size 1024K, 14 young (14336K), 14 survivors (14336K)
 Metaspace       used 118827K, capacity 122256K, committed 122496K, reserved 1155072K
  class space    used 15196K, capacity 16501K, committed 16512K, reserved 1048576K
}
Event: 105.497 GC heap before
{Heap before GC invocations=89 (full 0):
 garbage-first heap   total 350208K, used 224000K [0x00000000a0000000, 0x0000000100000000)
  region size 1024K, 17 young (17408K), 14 survivors (14336K)
 Metaspace       used 118833K, capacity 122258K, committed 122496K, reserved 1155072K
  class space    used 15196K, capacity 16501K, committed 16512K, reserved 1048576K
}
Event: 105.535 GC heap after
{Heap after GC invocations=90 (full 0):
 garbage-first heap   total 350208K, used 190720K [0x00000000a0000000, 0x0000000100000000)
  region size 1024K, 3 young (3072K), 3 survivors (3072K)
 Metaspace       used 118833K, capacity 122258K, committed 122496K, reserved 1155072K
  class space    used 15196K, capacity 16501K, committed 16512K, reserved 1048576K
}
Event: 105.567 GC heap before
{Heap before GC invocations=90 (full 0):
 garbage-first heap   total 350208K, used 204032K [0x00000000a0000000, 0x0000000100000000)
  region size 1024K, 17 young (17408K), 3 survivors (3072K)
 Metaspace       used 118833K, capacity 122258K, committed 122496K, reserved 1155072K
  class space    used 15196K, capacity 16501K, committed 16512K, reserved 1048576K
}
Event: 105.581 GC heap after
{Heap after GC invocations=91 (full 0):
 garbage-first heap   total 350208K, used 163328K [0x00000000a0000000, 0x0000000100000000)
  region size 1024K, 3 young (3072K), 3 survivors (3072K)
 Metaspace       used 118833K, capacity 122258K, committed 122496K, reserved 1155072K
  class space    used 15196K, capacity 16501K, committed 16512K, reserved 1048576K
}
Event: 108.525 GC heap before
{Heap before GC invocations=91 (full 0):
 garbage-first heap   total 350208K, used 299520K [0x00000000a0000000, 0x0000000100000000)
  region size 1024K, 110 young (112640K), 3 survivors (3072K)
 Metaspace       used 118863K, capacity 122324K, committed 122496K, reserved 1155072K
  class space    used 15197K, capacity 16501K, committed 16512K, reserved 1048576K
}
Event: 108.580 GC heap after
{Heap after GC invocations=92 (full 0):
 garbage-first heap   total 350208K, used 201152K [0x00000000a0000000, 0x0000000100000000)
  region size 1024K, 14 young (14336K), 14 survivors (14336K)
 Metaspace       used 118863K, capacity 122324K, committed 122496K, reserved 1155072K
  class space    used 15197K, capacity 16501K, committed 16512K, reserved 1048576K
}
Event: 112.447 GC heap before
{Heap before GC invocations=92 (full 0):
 garbage-first heap   total 350208K, used 285120K [0x00000000a0000000, 0x0000000100000000)
  region size 1024K, 64 young (65536K), 14 survivors (14336K)
 Metaspace       used 120642K, capacity 124192K, committed 124416K, reserved 1157120K
  class space    used 15428K, capacity 16777K, committed 16896K, reserved 1048576K
}
Event: 112.486 GC heap after
{Heap after GC invocations=93 (full 0):
 garbage-first heap   total 350208K, used 200634K [0x00000000a0000000, 0x0000000100000000)
  region size 1024K, 3 young (3072K), 3 survivors (3072K)
 Metaspace       used 120642K, capacity 124192K, committed 124416K, reserved 1157120K
  class space    used 15428K, capacity 16777K, committed 16896K, reserved 1048576K
}

